2014-03-19 12:04:37.539+0000 INFO  [org.neo4j]: You are using an unsupported version of the Java runtime. Please use Oracle(R) Java(TM) Runtime Environment 7.
2014-03-19 12:04:37.717+0000 INFO  [org.neo4j]: --- INITIALIZED diagnostics START ---
2014-03-19 12:04:37.720+0000 INFO  [org.neo4j]: Neo4j Kernel properties:
    neostore.propertystore.db.strings.mapped_memory=282M
    ephemeral=false
    neostore.nodestore.db.mapped_memory=92M
    store_dir=neo4j_db
    neostore.propertystore.db.arrays.mapped_memory=319M
    neostore.propertystore.db.mapped_memory=331M
    neostore.relationshipstore.db.mapped_memory=406M
2014-03-19 12:04:37.732+0000 INFO  [org.neo4j]: Diagnostics providers:
    org.neo4j.kernel.configuration.Config
    org.neo4j.kernel.info.DiagnosticsManager
    SYSTEM_MEMORY
    JAVA_MEMORY
    OPERATING_SYSTEM
    JAVA_VIRTUAL_MACHINE
    CLASSPATH
    LIBRARY_PATH
    SYSTEM_PROPERTIES
    NETWORK
2014-03-19 12:04:37.734+0000 INFO  [org.neo4j]: System memory information:
    Total Physical memory: 4.00 GB
    Free Physical memory: 166.90 MB
    Committed virtual memory: 4.66 GB
    Total swap space: 1.00 GB
    Free swap space: 1.00 GB
2014-03-19 12:04:37.753+0000 INFO  [org.neo4j]: JVM memory information:
    Free  memory: 62.21 MB
    Total memory: 72.00 MB
    Max   memory: 910.50 MB
    Garbage Collector: PS Scavenge: [PS Eden Space, PS Survivor Space]
    Garbage Collector: PS MarkSweep: [PS Eden Space, PS Survivor Space, PS Old Gen]
    Memory Pool: Code Cache (Non-heap memory): committed=2.63 MB, used=2.59 MB, max=240.00 MB, threshold=0.00 B
    Memory Pool: Metaspace (Non-heap memory): committed=7.50 MB, used=7.33 MB, max=-1.00 B, threshold=0.00 B
    Memory Pool: Compressed Class Space (Non-heap memory): committed=1.00 MB, used=958.15 kB, max=1.00 GB, threshold=0.00 B
    Memory Pool: PS Eden Space (Heap memory): committed=8.00 MB, used=7.35 MB, max=338.00 MB, threshold=?
    Memory Pool: PS Survivor Space (Heap memory): committed=1.50 MB, used=1.04 MB, max=1.50 MB, threshold=?
    Memory Pool: PS Old Gen (Heap memory): committed=62.50 MB, used=1.40 MB, max=683.00 MB, threshold=0.00 B
2014-03-19 12:04:37.772+0000 INFO  [org.neo4j]: Operating system information:
    Operating System: Mac OS X; version: 10.9.2; arch: x86_64; cpus: 2
    Max number of file descriptors: 10240
    Number of open file descriptors: 86
    Process id: 2719@Apoorv-Kulshresthas-MacBookAir.local
    Byte order: LITTLE_ENDIAN
    Local timezone: Asia/Singapore
2014-03-19 12:04:37.796+0000 INFO  [org.neo4j]: JVM information:
    VM Name: Java HotSpot(TM) 64-Bit Server VM
    VM Vendor: Oracle Corporation
    VM Version: 25.0-b70
    JIT compiler: HotSpot 64-Bit Tiered Compilers
    VM Arguments: [-agentlib:jdwp=transport=dt_socket,address=127.0.0.1:51191,suspend=y,server=n, -Dfile.encoding=UTF-8]
2014-03-19 12:04:37.798+0000 INFO  [org.neo4j]: Java classpath:
     [classpath + loader.0] file:/Users/apoorvkulshrestha/Projects/SavariWala/Server/ext/jars/concurrentlinkedhashmap-lru-1.3.1.jar
     [classpath + loader.0] file:/Users/apoorvkulshrestha/Projects/SavariWala/Server/ext/jars/httpclient-cache-4.3.3.jar
     [loader.1] file:/System/Library/Java/Extensions/QTJava.zip
     [bootstrap] /Library/Java/JavaVirtualMachines/jdk1.8.0.jdk/Contents/Home/jre/classes
     [classpath + loader.0] file:/Users/apoorvkulshrestha/Projects/SavariWala/Server/ext/jars/gt-api-9.2.jar
     [bootstrap] /Library/Java/JavaVirtualMachines/jdk1.8.0.jdk/Contents/Home/jre/lib/rt.jar
     [classpath + loader.0] file:/Users/apoorvkulshrestha/Projects/SavariWala/Server/ext/jars/neo4j-graph-algo-2.0.1.jar
     [classpath + loader.0] file:/Users/apoorvkulshrestha/Projects/SavariWala/Server/ext/jars/jai_imageio-1.1.jar
     [classpath + loader.0] file:/Users/apoorvkulshrestha/Projects/SavariWala/Server/ext/jars/slf4j-api-1.7.6.jar
     [classpath + loader.0] file:/Users/apoorvkulshrestha/Projects/SavariWala/Server/ext/jars/geronimo-jta_1.1_spec-1.1.1.jar
     [classpath + loader.0] file:/Users/apoorvkulshrestha/Projects/SavariWala/Server/ext/jars/neo4j-graph-collections-0.7.1-neo4j-2.0.1.jar
     [classpath + loader.0] file:/Users/apoorvkulshrestha/Projects/SavariWala/Server/out/production/SavariWala/
     [classpath + loader.0] file:/Users/apoorvkulshrestha/Projects/SavariWala/Server/ext/jars/commons-pool-1.5.4.jar
     [classpath + loader.0] file:/Users/apoorvkulshrestha/Projects/SavariWala/Server/ext/jars/jt-utils-1.3.0.jar
     [bootstrap] /Library/Java/JavaVirtualMachines/jdk1.8.0.jdk/Contents/Home/jre/lib/jfr.jar
     [classpath + loader.0] file:/Users/apoorvkulshrestha/Projects/SavariWala/Server/ext/jars/commons-lang-2.4.jar
     [classpath + loader.0] file:/Users/apoorvkulshrestha/Projects/SavariWala/Server/ext/jars/jai_codec-1.1.3.jar
     [loader.1] file:/Library/Java/JavaVirtualMachines/jdk1.8.0.jdk/Contents/Home/jre/lib/ext/sunpkcs11.jar
     [classpath + loader.0] file:/Users/apoorvkulshrestha/Projects/SavariWala/Server/ext/jars/neo4j-kernel-2.0.1.jar
     [classpath + loader.0] file:/Users/apoorvkulshrestha/Projects/SavariWala/Server/ext/jars/gt-data-9.2.jar
     [classpath + loader.0] file:/Users/apoorvkulshrestha/Projects/SavariWala/Server/ext/jars/httpmime-4.3.3.jar
     [classpath + loader.0] file:/Users/apoorvkulshrestha/Projects/SavariWala/Server/ext/jars/parboiled-core-1.1.6.jar
     [classpath + loader.0] file:/Users/apoorvkulshrestha/Projects/SavariWala/Server/ext/jars/neo4j-cypher-2.0.1.jar
     [classpath + loader.0] file:/Users/apoorvkulshrestha/Projects/SavariWala/Server/ext/jars/vecmath-1.3.2.jar
     [classpath + loader.0] file:/Users/apoorvkulshrestha/Projects/SavariWala/Server/ext/jars/org.apache.servicemix.bundles.jline-0.9.94_1.jar
     [classpath + loader.0] file:/Users/apoorvkulshrestha/Projects/SavariWala/Server/ext/jars/servlet-api-2.5.jar
     [classpath + loader.0] file:/Users/apoorvkulshrestha/Projects/SavariWala/Server/ext/jars/gt-cql-9.2.jar
     [classpath + loader.0] file:/Users/apoorvkulshrestha/Projects/SavariWala/Server/ext/jars/gt-metadata-9.2.jar
     [classpath + loader.0] file:/Users/apoorvkulshrestha/Projects/SavariWala/Server/ext/jars/neo4j-lucene-index-2.0.1.jar
     [loader.1] file:/Library/Java/JavaVirtualMachines/jdk1.8.0.jdk/Contents/Home/jre/lib/ext/sunec.jar
     [loader.1] file:/System/Library/Java/Extensions/j3daudio.jar
     [loader.1] file:/System/Library/Java/Extensions/j3dutils.jar
     [loader.1] file:/System/Library/Java/Extensions/jai_codec.jar
     [classpath + loader.0] file:/Users/apoorvkulshrestha/Projects/SavariWala/Server/ext/jars/guava-16.0.1.jar
     [classpath + loader.0] file:/Users/apoorvkulshrestha/Projects/SavariWala/Server/ext/jars/neo4j-graph-matching-2.0.1.jar
     [classpath + loader.0] file:/Users/apoorvkulshrestha/Projects/SavariWala/Server/ext/jars/javatuples-1.2.jar
     [loader.1] file:/System/Library/Java/Extensions/libmlib_jai.jnilib
     [classpath + loader.0] file:/Users/apoorvkulshrestha/Projects/SavariWala/Server/ext/jars/neo4j-jmx-2.0.1.jar
     [classpath + loader.0] file:/Users/apoorvkulshrestha/Projects/SavariWala/Server/ext/jars/neo4j-udc-2.0.1.jar
     [classpath + loader.0] file:/Users/apoorvkulshrestha/Projects/SavariWala/Server/ext/jars/gt-shapefile-9.2.jar
     [classpath + loader.0] file:/Users/apoorvkulshrestha/Projects/SavariWala/Server/ext/jars/gt-render-9.2.jar
     [loader.1] file:/System/Library/Java/Extensions/libJ3DAudio.jnilib
     [classpath + loader.0] file:/Users/apoorvkulshrestha/Projects/SavariWala/Server/ext/jars/neo4j-spatial-0.12-neo4j-2.0.1.jar
     [loader.1] file:/System/Library/Java/Extensions/jai_core.jar
     [loader.1] file:/System/Library/Java/Extensions/libQTJNative.jnilib
     [bootstrap] /Library/Java/JavaVirtualMachines/jdk1.8.0.jdk/Contents/Home/jre/lib/charsets.jar
     [bootstrap] /Library/Java/JavaVirtualMachines/jdk1.8.0.jdk/Contents/Home/jre/lib/jsse.jar
     [classpath + loader.0] file:/Users/apoorvkulshrestha/Projects/SavariWala/Server/ext/jars/httpcore-4.3.2.jar
     [bootstrap] /Library/Java/JavaVirtualMachines/jdk1.8.0.jdk/Contents/Home/jre/lib/jce.jar
     [classpath + loader.0] file:/Users/apoorvkulshrestha/Projects/SavariWala/Server/ext/jars/imageio-ext-utilities-1.1.7.jar
     [loader.1] file:/Library/Java/JavaVirtualMachines/jdk1.8.0.jdk/Contents/Home/jre/lib/ext/localedata.jar
     [classpath + loader.0] file:/Users/apoorvkulshrestha/Projects/SavariWala/Server/ext/jars/lucene-core-3.6.2.jar
     [loader.1] file:/System/Library/Java/Extensions/vecmath.jar
     [classpath + loader.0] file:/Users/apoorvkulshrestha/Projects/SavariWala/Server/ext/jars/slf4j-log4j12-1.7.6.jar
     [classpath + loader.0] file:/Users/apoorvkulshrestha/Projects/SavariWala/Server/ext/jars/httpclient-4.3.3.jar
     [classpath + loader.0] file:/Users/apoorvkulshrestha/Projects/SavariWala/Server/ext/jars/jdom-1.0.jar
     [loader.1] file:/System/Library/Java/Extensions/libJ3D.jnilib
     [classpath + loader.0] file:/Users/apoorvkulshrestha/Projects/SavariWala/Server/ext/jars/gt-opengis-9.2.jar
     [classpath + loader.0] file:/Users/apoorvkulshrestha/Projects/SavariWala/Server/ext/jars/commons-logging-1.1.3.jar
     [classpath + loader.0] file:/Users/apoorvkulshrestha/Projects/SavariWala/Server/ext/jars/gt-referencing-9.2.jar
     [loader.1] file:/Library/Java/JavaVirtualMachines/jdk1.8.0.jdk/Contents/Home/jre/lib/ext/cldrdata.jar
     [classpath + loader.0] file:/Users/apoorvkulshrestha/Projects/SavariWala/Server/ext/jars/gt-main-9.2.jar
     [loader.1] file:/Library/Java/JavaVirtualMachines/jdk1.8.0.jdk/Contents/Home/jre/lib/ext/sunjce_provider.jar
     [classpath + loader.0] file:/Users/apoorvkulshrestha/Projects/SavariWala/Server/ext/jars/jai_core-1.1.3.jar
     [classpath + loader.0] file:/Users/apoorvkulshrestha/Projects/SavariWala/Server/ext/jars/genson-0.97.jar
     [classpath + loader.0] file:/Users/apoorvkulshrestha/Projects/SavariWala/Server/ext/jars/neo4j-cypher-compiler-2.0-2.0.1.jar
     [classpath + loader.0] file:/Users/apoorvkulshrestha/Projects/SavariWala/Server/ext/jars/gt-coverage-9.2.jar
     [loader.1] file:/Library/Java/JavaVirtualMachines/jdk1.8.0.jdk/Contents/Home/jre/lib/ext/dnsns.jar
     [classpath + loader.0] file:/Users/apoorvkulshrestha/Projects/SavariWala/Server/ext/jars/commons-codec-1.6.jar
     [classpath + loader.0] file:/Users/apoorvkulshrestha/Projects/SavariWala/Server/ext/jars/neo4j-shell-2.0.1.jar
     [loader.1] file:/System/Library/Java/Extensions/libAppleScriptEngine.jnilib
     [classpath + loader.0] file:/Users/apoorvkulshrestha/Projects/SavariWala/Server/ext/jars/imageio-ext-tiff-1.1.7.jar
     [loader.1] file:/System/Library/Java/Extensions/dns_sd.jar
     [loader.1] file:/System/Library/Java/Extensions/MRJToolkit.jar
     [classpath + loader.0] file:/Users/apoorvkulshrestha/Projects/SavariWala/Server/ext/jars/server-api-2.0.1.jar
     [classpath + loader.0] file:/Users/apoorvkulshrestha/Projects/SavariWala/Server/ext/jars/fluent-hc-4.3.3.jar
     [classpath + loader.0] file:/Users/apoorvkulshrestha/Projects/SavariWala/Server/ext/jars/jgridshift-1.0.jar
     [classpath + loader.0] file:/Users/apoorvkulshrestha/Projects/SavariWala/Server/ext/jars/libthrift-0.9.1-javadoc.jar
     [loader.1] file:/System/Library/Java/Extensions/mlibwrapper_jai.jar
     [classpath + loader.0] file:/Users/apoorvkulshrestha/Projects/SavariWala/Server/ext/jars/log4j-1.2.17.jar
     [classpath + loader.0] file:/Users/apoorvkulshrestha/Projects/SavariWala/Server/ext/jars/scala-library-2.10.3.jar
     [loader.1] file:/System/Library/Java/Extensions/libJ3DUtils.jnilib
     [classpath + loader.0] file:/Users/apoorvkulshrestha/Projects/SavariWala/Server/ext/jars/neo4j-cypher-commons-2.0.1.jar
     [loader.1] file:/System/Library/Java/Extensions/AppleScriptEngine.jar
     [loader.1] file:/Library/Java/JavaVirtualMachines/jdk1.8.0.jdk/Contents/Home/jre/lib/ext/zipfs.jar
     [classpath + loader.0] file:/Users/apoorvkulshrestha/Projects/SavariWala/Server/ext/jars/jt-zonalstats-1.3.0.jar
     [bootstrap] /Library/Java/JavaVirtualMachines/jdk1.8.0.jdk/Contents/Home/jre/lib/resources.jar
     [classpath + loader.0] file:/Users/apoorvkulshrestha/Projects/SavariWala/Server/ext/jars/quick-json-1.0.2.3.jar
     [classpath + loader.0] file:/Users/apoorvkulshrestha/Projects/SavariWala/Server/ext/jars/postgresql-9.3-1100.jdbc4.jar
     [classpath + loader.0] file:/Users/apoorvkulshrestha/Projects/SavariWala/Server/ext/jars/neo4j-cypher-compiler-1.9-2.0.1.jar
     [classpath + loader.0] file:/Users/apoorvkulshrestha/Projects/SavariWala/Server/ext/jars/json-simple-1.1.jar
     [classpath + loader.0] file:/Users/apoorvkulshrestha/Projects/SavariWala/Server/ext/jars/libthrift-0.9.1.jar
     [classpath + loader.0] file:/Users/apoorvkulshrestha/Projects/SavariWala/Server/ext/jars/parboiled-scala_2.10-1.1.6.jar
     [classpath + loader.0] file:/Users/apoorvkulshrestha/Projects/SavariWala/Server/ext/jars/gt-process-9.2.jar
     [loader.1] file:/usr/lib/java/libjdns_sd.jnilib
     [classpath + loader.0] file:/Users/apoorvkulshrestha/Projects/SavariWala/Server/ext/jars/commons-lang-2.5.jar
     [bootstrap] /Library/Java/JavaVirtualMachines/jdk1.8.0.jdk/Contents/Home/jre/lib/sunrsasign.jar
     [loader.1] file:/Library/Java/JavaVirtualMachines/jdk1.8.0.jdk/Contents/Home/jre/lib/ext/jfxrt.jar
     [classpath + loader.0] file:/Users/apoorvkulshrestha/Projects/SavariWala/Server/ext/jars/jts-1.13.jar
     [loader.1] file:/Library/Java/JavaVirtualMachines/jdk1.8.0.jdk/Contents/Home/jre/lib/ext/nashorn.jar
     [loader.1] file:/System/Library/Java/Extensions/j3dcore.jar
     [classpath + loader.0] file:/Users/apoorvkulshrestha/Projects/SavariWala/Server/ext/jars/jsr-275-1.0-beta-2.jar
2014-03-19 12:04:37.811+0000 INFO  [org.neo4j]: Library path:
    /Users/apoorvkulshrestha/Library/Java/Extensions
    /Library/Java/Extensions
    /Network/Library/Java/Extensions
    /System/Library/Java/Extensions
    /usr/lib/java
    /Users/apoorvkulshrestha/Projects/SavariWala/Server
2014-03-19 12:04:37.814+0000 INFO  [org.neo4j]: System.properties:
    sun.boot.library.path = /Library/Java/JavaVirtualMachines/jdk1.8.0.jdk/Contents/Home/jre/lib
    user.country.format = SG
    gopherProxySet = false
    path.separator = :
    file.encoding.pkg = sun.io
    user.country = US
    sun.java.launcher = SUN_STANDARD
    sun.os.patch.level = unknown
    user.dir = /Users/apoorvkulshrestha/Projects/SavariWala/Server
    sun.jnu.encoding = UTF-8
    sun.management.compiler = HotSpot 64-Bit Tiered Compilers
    http.nonProxyHosts = local|*.local|169.254/16|*.169.254/16
    user.home = /Users/apoorvkulshrestha
    user.timezone = Asia/Singapore
    file.encoding = UTF-8
    user.name = apoorvkul
    sun.java.command = com.savariwala.RequestHandlerSvc
    sun.arch.data.model = 64
    user.language = en
    awt.toolkit = sun.lwawt.macosx.LWCToolkit
    file.separator = /
    sun.io.unicode.encoding = UnicodeBig
    sun.cpu.endian = little
    socksNonProxyHosts = local|*.local|169.254/16|*.169.254/16
    ftp.nonProxyHosts = local|*.local|169.254/16|*.169.254/16
    sun.cpu.isalist = 
2014-03-19 12:04:37.815+0000 INFO  [org.neo4j]: Network information:
    Interface en0:
        address: fe80:0:0:0:462a:60ff:fefc:67c%en0
        address: 192.168.0.12
    Interface lo0:
        address: fe80:0:0:0:0:0:0:1%lo0
        address: 0:0:0:0:0:0:0:1
        address: 127.0.0.1
2014-03-19 12:04:37.820+0000 INFO  [org.neo4j]: --- INITIALIZED diagnostics END ---
2014-03-19 12:04:38.159+0000 INFO  [org.neo4j]: Creating new db @ neo4j_db/neostore
2014-03-19 12:04:38.230+0000 INFO  [org.neo4j]: [neo4j_db/neostore.relationshiptypestore.db.names] brickCount=0 brickSize=0b mappedMem=0b (storeSize=38b)
2014-03-19 12:04:38.235+0000 INFO  [org.neo4j]: [neo4j_db/neostore.relationshiptypestore.db] brickCount=0 brickSize=0b mappedMem=0b (storeSize=0b)
2014-03-19 12:04:38.236+0000 INFO  [org.neo4j]: neo4j_db/neostore.relationshiptypestore.db.names hit=0 miss=0 switches=0 ooe=0
2014-03-19 12:04:38.239+0000 INFO  [org.neo4j]: neo4j_db/neostore.relationshiptypestore.db hit=0 miss=0 switches=0 ooe=0
2014-03-19 12:04:38.241+0000 INFO  [org.neo4j]: [neo4j_db/neostore.labeltokenstore.db.names] brickCount=0 brickSize=0b mappedMem=0b (storeSize=38b)
2014-03-19 12:04:38.244+0000 INFO  [org.neo4j]: [neo4j_db/neostore.labeltokenstore.db] brickCount=0 brickSize=0b mappedMem=0b (storeSize=0b)
2014-03-19 12:04:38.244+0000 INFO  [org.neo4j]: neo4j_db/neostore.labeltokenstore.db.names hit=0 miss=0 switches=0 ooe=0
2014-03-19 12:04:38.245+0000 INFO  [org.neo4j]: neo4j_db/neostore.labeltokenstore.db hit=0 miss=0 switches=0 ooe=0
2014-03-19 12:04:38.249+0000 INFO  [org.neo4j]: [neo4j_db/neostore.relationshiptypestore.db.names] brickCount=0 brickSize=0b mappedMem=0b (storeSize=38b)
2014-03-19 12:04:38.250+0000 INFO  [org.neo4j]: [neo4j_db/neostore.relationshiptypestore.db] brickCount=0 brickSize=0b mappedMem=0b (storeSize=0b)
2014-03-19 12:04:38.250+0000 INFO  [org.neo4j]: [neo4j_db/neostore.labeltokenstore.db.names] brickCount=0 brickSize=0b mappedMem=0b (storeSize=38b)
2014-03-19 12:04:38.251+0000 INFO  [org.neo4j]: [neo4j_db/neostore.labeltokenstore.db] brickCount=0 brickSize=0b mappedMem=0b (storeSize=0b)
2014-03-19 12:04:38.251+0000 INFO  [org.neo4j]: [neo4j_db/neostore.propertystore.db.strings] brickCount=0 brickSize=295680b mappedMem=295698432b (storeSize=128b)
2014-03-19 12:04:38.251+0000 INFO  [org.neo4j]: [neo4j_db/neostore.propertystore.db.index.keys] brickCount=0 brickSize=0b mappedMem=0b (storeSize=38b)
2014-03-19 12:04:38.253+0000 INFO  [org.neo4j]: [neo4j_db/neostore.propertystore.db.index] brickCount=0 brickSize=0b mappedMem=0b (storeSize=0b)
2014-03-19 12:04:38.255+0000 INFO  [org.neo4j]: [neo4j_db/neostore.propertystore.db.arrays] brickCount=0 brickSize=334464b mappedMem=334495744b (storeSize=128b)
2014-03-19 12:04:38.259+0000 INFO  [org.neo4j]: [neo4j_db/neostore.propertystore.db] brickCount=0 brickSize=3470773b mappedMem=347078656b (storeSize=0b)
2014-03-19 12:04:38.264+0000 INFO  [org.neo4j]: [neo4j_db/neostore.relationshipstore.db] brickCount=0 brickSize=4257198b mappedMem=425721856b (storeSize=0b)
2014-03-19 12:04:38.264+0000 INFO  [org.neo4j]: [neo4j_db/neostore.nodestore.db.labels] brickCount=0 brickSize=0b mappedMem=0b (storeSize=68b)
2014-03-19 12:04:38.267+0000 INFO  [org.neo4j]: [neo4j_db/neostore.nodestore.db] brickCount=0 brickSize=964684b mappedMem=96468992b (storeSize=0b)
2014-03-19 12:04:38.268+0000 INFO  [org.neo4j]: [neo4j_db/neostore.schemastore.db] brickCount=0 brickSize=0b mappedMem=0b (storeSize=64b)
2014-03-19 12:04:38.269+0000 INFO  [org.neo4j]: [neo4j_db/neostore] brickCount=0 brickSize=0b mappedMem=0b (storeSize=0b)
2014-03-19 12:04:38.279+0000 INFO  [org.neo4j]: neo4j_db/neostore.relationshiptypestore.db.names hit=0 miss=0 switches=0 ooe=0
2014-03-19 12:04:38.280+0000 INFO  [org.neo4j]: neo4j_db/neostore.relationshiptypestore.db hit=0 miss=0 switches=0 ooe=0
2014-03-19 12:04:38.281+0000 INFO  [org.neo4j]: neo4j_db/neostore.labeltokenstore.db.names hit=0 miss=0 switches=0 ooe=0
2014-03-19 12:04:38.281+0000 INFO  [org.neo4j]: neo4j_db/neostore.labeltokenstore.db hit=0 miss=0 switches=0 ooe=0
2014-03-19 12:04:38.282+0000 INFO  [org.neo4j]: neo4j_db/neostore.propertystore.db.strings hit=0 miss=0 switches=0 ooe=0
2014-03-19 12:04:38.283+0000 INFO  [org.neo4j]: neo4j_db/neostore.propertystore.db.index.keys hit=0 miss=0 switches=0 ooe=0
2014-03-19 12:04:38.284+0000 INFO  [org.neo4j]: neo4j_db/neostore.propertystore.db.index hit=0 miss=0 switches=0 ooe=0
2014-03-19 12:04:38.285+0000 INFO  [org.neo4j]: neo4j_db/neostore.propertystore.db.arrays hit=0 miss=0 switches=0 ooe=0
2014-03-19 12:04:38.286+0000 INFO  [org.neo4j]: neo4j_db/neostore.propertystore.db hit=0 miss=0 switches=0 ooe=0
2014-03-19 12:04:38.294+0000 INFO  [org.neo4j]: neo4j_db/neostore.relationshipstore.db hit=0 miss=0 switches=0 ooe=0
2014-03-19 12:04:38.295+0000 INFO  [org.neo4j]: neo4j_db/neostore.nodestore.db.labels hit=0 miss=0 switches=0 ooe=0
2014-03-19 12:04:38.296+0000 INFO  [org.neo4j]: neo4j_db/neostore.nodestore.db hit=0 miss=0 switches=0 ooe=0
2014-03-19 12:04:38.296+0000 INFO  [org.neo4j]: neo4j_db/neostore.schemastore.db hit=0 miss=0 switches=0 ooe=0
2014-03-19 12:04:38.297+0000 INFO  [org.neo4j]: neo4j_db/neostore hit=0 miss=8 switches=0 ooe=0
2014-03-19 12:04:38.306+0000 INFO  [org.neo4j]: [neo4j_db/neostore.relationshiptypestore.db.names] brickCount=0 brickSize=0b mappedMem=0b (storeSize=38b)
2014-03-19 12:04:38.307+0000 INFO  [org.neo4j]: [neo4j_db/neostore.relationshiptypestore.db] brickCount=0 brickSize=0b mappedMem=0b (storeSize=0b)
2014-03-19 12:04:38.307+0000 INFO  [org.neo4j]: [neo4j_db/neostore.labeltokenstore.db.names] brickCount=0 brickSize=0b mappedMem=0b (storeSize=38b)
2014-03-19 12:04:38.307+0000 INFO  [org.neo4j]: [neo4j_db/neostore.labeltokenstore.db] brickCount=0 brickSize=0b mappedMem=0b (storeSize=0b)
2014-03-19 12:04:38.308+0000 INFO  [org.neo4j]: [neo4j_db/neostore.propertystore.db.strings] brickCount=0 brickSize=295680b mappedMem=295698432b (storeSize=128b)
2014-03-19 12:04:38.308+0000 INFO  [org.neo4j]: [neo4j_db/neostore.propertystore.db.index.keys] brickCount=0 brickSize=0b mappedMem=0b (storeSize=38b)
2014-03-19 12:04:38.308+0000 INFO  [org.neo4j]: [neo4j_db/neostore.propertystore.db.index] brickCount=0 brickSize=0b mappedMem=0b (storeSize=0b)
2014-03-19 12:04:38.309+0000 INFO  [org.neo4j]: [neo4j_db/neostore.propertystore.db.arrays] brickCount=0 brickSize=334464b mappedMem=334495744b (storeSize=128b)
2014-03-19 12:04:38.309+0000 INFO  [org.neo4j]: [neo4j_db/neostore.propertystore.db] brickCount=0 brickSize=3470773b mappedMem=347078656b (storeSize=0b)
2014-03-19 12:04:38.310+0000 INFO  [org.neo4j]: [neo4j_db/neostore.relationshipstore.db] brickCount=0 brickSize=4257198b mappedMem=425721856b (storeSize=0b)
2014-03-19 12:04:38.310+0000 INFO  [org.neo4j]: [neo4j_db/neostore.nodestore.db.labels] brickCount=0 brickSize=0b mappedMem=0b (storeSize=68b)
2014-03-19 12:04:38.311+0000 INFO  [org.neo4j]: [neo4j_db/neostore.nodestore.db] brickCount=0 brickSize=964684b mappedMem=96468992b (storeSize=0b)
2014-03-19 12:04:38.311+0000 INFO  [org.neo4j]: [neo4j_db/neostore.schemastore.db] brickCount=0 brickSize=0b mappedMem=0b (storeSize=64b)
2014-03-19 12:04:38.312+0000 INFO  [org.neo4j]: [neo4j_db/neostore] brickCount=0 brickSize=0b mappedMem=0b (storeSize=63b)
2014-03-19 12:04:38.413+0000 INFO  [org.neo4j]: No lucene scan store index found, this might just be first use. Preparing to rebuild.
2014-03-19 12:04:38.450+0000 INFO  [org.neo4j]: No lucene scan store index found, this might just be first use. Preparing to rebuild.
2014-03-19 12:04:38.695+0000 INFO  [org.neo4j]: Opened logical log [neo4j_db/nioneo_logical.log.1] version=0, lastTxId=1 (clean)
2014-03-19 12:04:38.720+0000 INFO  [org.neo4j]: Rebuilding lucene scan store, this may take a while
2014-03-19 12:04:38.727+0000 INFO  [org.neo4j]: Lucene scan store rebuilt (roughly -1 nodes)
2014-03-19 12:04:38.734+0000 INFO  [org.neo4j]: TM new log: tm_tx_log.1
2014-03-19 12:04:38.760+0000 INFO  [org.neo4j]: Opened logical log [neo4j_db/index/lucene.log.1] version=0, lastTxId=1 (clean)
2014-03-19 12:04:38.773+0000 INFO  [org.neo4j]: --- STARTED diagnostics for KernelDiagnostics:Versions START ---
2014-03-19 12:04:38.773+0000 INFO  [org.neo4j]: Graph Database: org.neo4j.kernel.EmbeddedGraphDatabase StoreId[time:1395230678176, id:-6033298326432025730, store version: 13843131341501958]
2014-03-19 12:04:38.773+0000 INFO  [org.neo4j]: Kernel version: Neo4j - Graph Database Kernel (neo4j-kernel), version: 2.0.1
2014-03-19 12:04:38.773+0000 INFO  [org.neo4j]: Neo4j component versions:
2014-03-19 12:04:38.779+0000 INFO  [org.neo4j]:   Neo4j - Cypher Compiler 1.9 (neo4j-cypher-compiler-1.9), version: 2.0.1; revision: 2.0.1:master:878/8bb63c9c059d8a491b7909e08da86a820c28d3a5
2014-03-19 12:04:38.779+0000 INFO  [org.neo4j]:   Neo4j - Cypher Commons (neo4j-cypher-commons), version: 2.0.1; revision: 2.0.1:master:878/8bb63c9c059d8a491b7909e08da86a820c28d3a5
2014-03-19 12:04:38.779+0000 INFO  [org.neo4j]:   neo4j-udc, version: 2.0.1; revision: 2.0.1:master:878/8bb63c9c059d8a491b7909e08da86a820c28d3a5
2014-03-19 12:04:38.779+0000 INFO  [org.neo4j]:   Neo4j Server API (server-api), version: 2.0.1; revision: 2.0.1:master:878/8bb63c9c059d8a491b7909e08da86a820c28d3a5
2014-03-19 12:04:38.779+0000 INFO  [org.neo4j]:   Neo4j - Lucene Index (neo4j-lucene-index), version: 2.0.1; revision: 2.0.1:master:878/8bb63c9c059d8a491b7909e08da86a820c28d3a5
2014-03-19 12:04:38.779+0000 INFO  [org.neo4j]:   Neo4j - Cypher Compiler 2.0 (neo4j-cypher-compiler-2.0), version: 2.0.1; revision: 2.0.1:master:878/8bb63c9c059d8a491b7909e08da86a820c28d3a5
2014-03-19 12:04:38.780+0000 INFO  [org.neo4j]:   Neo4j - Graph Matching (neo4j-graph-matching), version: 2.0.1; revision: 2.0.1:master:878/8bb63c9c059d8a491b7909e08da86a820c28d3a5
2014-03-19 12:04:38.780+0000 INFO  [org.neo4j]:   Neo4j - Graph Database Kernel (neo4j-kernel), version: 2.0.1; revision: 2.0.1:master:878/8bb63c9c059d8a491b7909e08da86a820c28d3a5
2014-03-19 12:04:38.780+0000 INFO  [org.neo4j]:   Neo4j - JMX support (neo4j-jmx), version: 2.0.1; revision: 2.0.1:master:878/8bb63c9c059d8a491b7909e08da86a820c28d3a5
2014-03-19 12:04:38.780+0000 INFO  [org.neo4j]:   Neo4j - Cypher (neo4j-cypher), version: 2.0.1; revision: 2.0.1:master:878/8bb63c9c059d8a491b7909e08da86a820c28d3a5
2014-03-19 12:04:38.780+0000 INFO  [org.neo4j]:   Neo4j - Generic shell (neo4j-shell), version: 2.0.1; revision: 2.0.1:master:878/8bb63c9c059d8a491b7909e08da86a820c28d3a5
2014-03-19 12:04:38.780+0000 INFO  [org.neo4j]:   Neo4j - Graph Algorithms (neo4j-graph-algo), version: 2.0.1; revision: 2.0.1:master:878/8bb63c9c059d8a491b7909e08da86a820c28d3a5
2014-03-19 12:04:38.780+0000 INFO  [org.neo4j]: --- STARTED diagnostics for KernelDiagnostics:Versions END ---
2014-03-19 12:04:38.784+0000 INFO  [org.neo4j]: --- STARTED diagnostics for NEO_STORE_VERSIONS START ---
2014-03-19 12:04:38.785+0000 INFO  [org.neo4j]: Store versions:
    Store versions:
      NeoStore v0.A.1
      SchemaStore v0.A.1
      NodeStore v0.A.1
      RelationshipStore v0.A.1
      RelationshipTypeStore v0.A.1
      LabelTokenStore v0.A.1
      PropertyStore v0.A.1
      PropertyIndexStore v0.A.1
      StringPropertyStore v0.A.1
      ArrayPropertyStore v0.A.1
2014-03-19 12:04:38.785+0000 INFO  [org.neo4j]: --- STARTED diagnostics for NEO_STORE_VERSIONS END ---
2014-03-19 12:04:38.785+0000 INFO  [org.neo4j]: --- STARTED diagnostics for NEO_STORE_ID_USAGE START ---
2014-03-19 12:04:38.786+0000 INFO  [org.neo4j]: Id usage:
    Id usage:
      SchemaStore: used=1 high=0
      NodeStore: used=0 high=-1
      RelationshipStore: used=0 high=-1
      RelationshipTypeStore: used=0 high=-1
      LabelTokenStore: used=0 high=-1
      PropertyStore: used=0 high=-1
      PropertyIndexStore: used=0 high=-1
      StringPropertyStore: used=1 high=0
      ArrayPropertyStore: used=1 high=0
2014-03-19 12:04:38.789+0000 INFO  [org.neo4j]: --- STARTED diagnostics for NEO_STORE_ID_USAGE END ---
2014-03-19 12:04:38.789+0000 INFO  [org.neo4j]: --- STARTED diagnostics for PERSISTENCE_WINDOW_POOL_STATS START ---
2014-03-19 12:04:38.789+0000 INFO  [org.neo4j]: --- STARTED diagnostics for PERSISTENCE_WINDOW_POOL_STATS END ---
2014-03-19 12:04:38.790+0000 INFO  [org.neo4j]: --- STARTED diagnostics for KernelDiagnostics:StoreFiles START ---
2014-03-19 12:04:38.790+0000 INFO  [org.neo4j]: Disk space on partition (Total / Free / Free %): 250140434432 / 47082668032 / 18
Storage files: (filename : modification date - size)
      active_tx_log: 2014-03-19T20:04:38+0800 - 11.00 B
      index:
        lucene-store.db: 2014-03-19T20:04:38+0800 - 40.00 B
        lucene.log.1: 2014-03-19T20:04:38+0800 - 16.00 B
        lucene.log.active: 2014-03-19T20:04:38+0800 - 4.00 B
      - Total: 2014-03-19T20:04:38+0800 - 60.00 B
      lock: 2014-03-19T20:04:38+0800 - 0.00 B
      messages.log: 2014-03-19T20:04:38+0800 - 26.38 kB
      neostore: 2014-03-19T20:04:38+0800 - 63.00 B
      neostore.id: 2014-03-19T20:04:38+0800 - 9.00 B
      neostore.labeltokenstore.db: 2014-03-19T20:04:38+0800 - 0.00 B
      neostore.labeltokenstore.db.id: 2014-03-19T20:04:38+0800 - 9.00 B
      neostore.labeltokenstore.db.names: 2014-03-19T20:04:38+0800 - 38.00 B
      neostore.labeltokenstore.db.names.id: 2014-03-19T20:04:38+0800 - 9.00 B
      neostore.nodestore.db: 2014-03-19T20:04:38+0800 - 0.00 B
      neostore.nodestore.db.id: 2014-03-19T20:04:38+0800 - 9.00 B
      neostore.nodestore.db.labels: 2014-03-19T20:04:38+0800 - 68.00 B
      neostore.nodestore.db.labels.id: 2014-03-19T20:04:38+0800 - 9.00 B
      neostore.propertystore.db: 2014-03-19T20:04:38+0800 - 0.00 B
      neostore.propertystore.db.arrays: 2014-03-19T20:04:38+0800 - 128.00 B
      neostore.propertystore.db.arrays.id: 2014-03-19T20:04:38+0800 - 9.00 B
      neostore.propertystore.db.id: 2014-03-19T20:04:38+0800 - 9.00 B
      neostore.propertystore.db.index: 2014-03-19T20:04:38+0800 - 0.00 B
      neostore.propertystore.db.index.id: 2014-03-19T20:04:38+0800 - 9.00 B
      neostore.propertystore.db.index.keys: 2014-03-19T20:04:38+0800 - 38.00 B
      neostore.propertystore.db.index.keys.id: 2014-03-19T20:04:38+0800 - 9.00 B
      neostore.propertystore.db.strings: 2014-03-19T20:04:38+0800 - 128.00 B
      neostore.propertystore.db.strings.id: 2014-03-19T20:04:38+0800 - 9.00 B
      neostore.relationshipstore.db: 2014-03-19T20:04:38+0800 - 0.00 B
      neostore.relationshipstore.db.id: 2014-03-19T20:04:38+0800 - 9.00 B
      neostore.relationshiptypestore.db: 2014-03-19T20:04:38+0800 - 0.00 B
      neostore.relationshiptypestore.db.id: 2014-03-19T20:04:38+0800 - 9.00 B
      neostore.relationshiptypestore.db.names: 2014-03-19T20:04:38+0800 - 38.00 B
      neostore.relationshiptypestore.db.names.id: 2014-03-19T20:04:38+0800 - 9.00 B
      neostore.schemastore.db: 2014-03-19T20:04:38+0800 - 64.00 B
      neostore.schemastore.db.id: 2014-03-19T20:04:38+0800 - 9.00 B
      nioneo_logical.log.1: 2014-03-19T20:04:38+0800 - 16.00 B
      nioneo_logical.log.active: 2014-03-19T20:04:38+0800 - 4.00 B
      schema:
        label:
          lucene:
            write.lock: 2014-03-19T20:04:38+0800 - 0.00 B
          - Total: 2014-03-19T20:04:38+0800 - 0.00 B
        - Total: 2014-03-19T20:04:38+0800 - 0.00 B
      - Total: 2014-03-19T20:04:38+0800 - 0.00 B
      store_lock: 2014-03-19T20:04:38+0800 - 0.00 B
      tm_tx_log.1: 2014-03-19T20:04:38+0800 - 0.00 B
2014-03-19 12:10:35.021+0000 INFO  [org.neo4j]: You are using an unsupported version of the Java runtime. Please use Oracle(R) Java(TM) Runtime Environment 7.
2014-03-19 12:10:35.185+0000 INFO  [org.neo4j]: --- INITIALIZED diagnostics START ---
2014-03-19 12:10:35.190+0000 INFO  [org.neo4j]: Neo4j Kernel properties:
    neostore.propertystore.db.strings.mapped_memory=282M
    ephemeral=false
    neostore.nodestore.db.mapped_memory=92M
    store_dir=neo4j_db
    neostore.propertystore.db.arrays.mapped_memory=319M
    neostore.propertystore.db.mapped_memory=331M
    neostore.relationshipstore.db.mapped_memory=406M
2014-03-19 12:10:35.202+0000 INFO  [org.neo4j]: Diagnostics providers:
    org.neo4j.kernel.configuration.Config
    org.neo4j.kernel.info.DiagnosticsManager
    SYSTEM_MEMORY
    JAVA_MEMORY
    OPERATING_SYSTEM
    JAVA_VIRTUAL_MACHINE
    CLASSPATH
    LIBRARY_PATH
    SYSTEM_PROPERTIES
    NETWORK
2014-03-19 12:10:35.204+0000 INFO  [org.neo4j]: System memory information:
    Total Physical memory: 4.00 GB
    Free Physical memory: 151.57 MB
    Committed virtual memory: 4.66 GB
    Total swap space: 1.00 GB
    Free swap space: 1.00 GB
2014-03-19 12:10:35.215+0000 INFO  [org.neo4j]: JVM memory information:
    Free  memory: 62.32 MB
    Total memory: 72.00 MB
    Max   memory: 910.50 MB
    Garbage Collector: PS Scavenge: [PS Eden Space, PS Survivor Space]
    Garbage Collector: PS MarkSweep: [PS Eden Space, PS Survivor Space, PS Old Gen]
    Memory Pool: Code Cache (Non-heap memory): committed=2.63 MB, used=2.59 MB, max=240.00 MB, threshold=0.00 B
    Memory Pool: Metaspace (Non-heap memory): committed=7.50 MB, used=7.33 MB, max=-1.00 B, threshold=0.00 B
    Memory Pool: Compressed Class Space (Non-heap memory): committed=1.00 MB, used=958.21 kB, max=1.00 GB, threshold=0.00 B
    Memory Pool: PS Eden Space (Heap memory): committed=8.00 MB, used=7.40 MB, max=338.00 MB, threshold=?
    Memory Pool: PS Survivor Space (Heap memory): committed=1.50 MB, used=1.02 MB, max=1.50 MB, threshold=?
    Memory Pool: PS Old Gen (Heap memory): committed=62.50 MB, used=1.42 MB, max=683.00 MB, threshold=0.00 B
2014-03-19 12:10:35.230+0000 INFO  [org.neo4j]: Operating system information:
    Operating System: Mac OS X; version: 10.9.2; arch: x86_64; cpus: 2
    Max number of file descriptors: 10240
    Number of open file descriptors: 86
    Process id: 2754@Apoorv-Kulshresthas-MacBookAir.local
    Byte order: LITTLE_ENDIAN
    Local timezone: Asia/Singapore
2014-03-19 12:10:35.247+0000 INFO  [org.neo4j]: JVM information:
    VM Name: Java HotSpot(TM) 64-Bit Server VM
    VM Vendor: Oracle Corporation
    VM Version: 25.0-b70
    JIT compiler: HotSpot 64-Bit Tiered Compilers
    VM Arguments: [-agentlib:jdwp=transport=dt_socket,address=127.0.0.1:51206,suspend=y,server=n, -Dfile.encoding=UTF-8]
2014-03-19 12:10:35.248+0000 INFO  [org.neo4j]: Java classpath:
     [classpath + loader.0] file:/Users/apoorvkulshrestha/Projects/SavariWala/Server/ext/jars/concurrentlinkedhashmap-lru-1.3.1.jar
     [classpath + loader.0] file:/Users/apoorvkulshrestha/Projects/SavariWala/Server/ext/jars/httpclient-cache-4.3.3.jar
     [loader.1] file:/System/Library/Java/Extensions/QTJava.zip
     [bootstrap] /Library/Java/JavaVirtualMachines/jdk1.8.0.jdk/Contents/Home/jre/classes
     [classpath + loader.0] file:/Users/apoorvkulshrestha/Projects/SavariWala/Server/ext/jars/gt-api-9.2.jar
     [bootstrap] /Library/Java/JavaVirtualMachines/jdk1.8.0.jdk/Contents/Home/jre/lib/rt.jar
     [classpath + loader.0] file:/Users/apoorvkulshrestha/Projects/SavariWala/Server/ext/jars/neo4j-graph-algo-2.0.1.jar
     [classpath + loader.0] file:/Users/apoorvkulshrestha/Projects/SavariWala/Server/ext/jars/jai_imageio-1.1.jar
     [classpath + loader.0] file:/Users/apoorvkulshrestha/Projects/SavariWala/Server/ext/jars/slf4j-api-1.7.6.jar
     [classpath + loader.0] file:/Users/apoorvkulshrestha/Projects/SavariWala/Server/ext/jars/geronimo-jta_1.1_spec-1.1.1.jar
     [classpath + loader.0] file:/Users/apoorvkulshrestha/Projects/SavariWala/Server/ext/jars/neo4j-graph-collections-0.7.1-neo4j-2.0.1.jar
     [classpath + loader.0] file:/Users/apoorvkulshrestha/Projects/SavariWala/Server/out/production/SavariWala/
     [classpath + loader.0] file:/Users/apoorvkulshrestha/Projects/SavariWala/Server/ext/jars/commons-pool-1.5.4.jar
     [classpath + loader.0] file:/Users/apoorvkulshrestha/Projects/SavariWala/Server/ext/jars/jt-utils-1.3.0.jar
     [bootstrap] /Library/Java/JavaVirtualMachines/jdk1.8.0.jdk/Contents/Home/jre/lib/jfr.jar
     [classpath + loader.0] file:/Users/apoorvkulshrestha/Projects/SavariWala/Server/ext/jars/commons-lang-2.4.jar
     [classpath + loader.0] file:/Users/apoorvkulshrestha/Projects/SavariWala/Server/ext/jars/jai_codec-1.1.3.jar
     [loader.1] file:/Library/Java/JavaVirtualMachines/jdk1.8.0.jdk/Contents/Home/jre/lib/ext/sunpkcs11.jar
     [classpath + loader.0] file:/Users/apoorvkulshrestha/Projects/SavariWala/Server/ext/jars/neo4j-kernel-2.0.1.jar
     [classpath + loader.0] file:/Users/apoorvkulshrestha/Projects/SavariWala/Server/ext/jars/gt-data-9.2.jar
     [classpath + loader.0] file:/Users/apoorvkulshrestha/Projects/SavariWala/Server/ext/jars/httpmime-4.3.3.jar
     [classpath + loader.0] file:/Users/apoorvkulshrestha/Projects/SavariWala/Server/ext/jars/parboiled-core-1.1.6.jar
     [classpath + loader.0] file:/Users/apoorvkulshrestha/Projects/SavariWala/Server/ext/jars/neo4j-cypher-2.0.1.jar
     [classpath + loader.0] file:/Users/apoorvkulshrestha/Projects/SavariWala/Server/ext/jars/vecmath-1.3.2.jar
     [classpath + loader.0] file:/Users/apoorvkulshrestha/Projects/SavariWala/Server/ext/jars/org.apache.servicemix.bundles.jline-0.9.94_1.jar
     [classpath + loader.0] file:/Users/apoorvkulshrestha/Projects/SavariWala/Server/ext/jars/servlet-api-2.5.jar
     [classpath + loader.0] file:/Users/apoorvkulshrestha/Projects/SavariWala/Server/ext/jars/gt-cql-9.2.jar
     [classpath + loader.0] file:/Users/apoorvkulshrestha/Projects/SavariWala/Server/ext/jars/gt-metadata-9.2.jar
     [classpath + loader.0] file:/Users/apoorvkulshrestha/Projects/SavariWala/Server/ext/jars/neo4j-lucene-index-2.0.1.jar
     [loader.1] file:/Library/Java/JavaVirtualMachines/jdk1.8.0.jdk/Contents/Home/jre/lib/ext/sunec.jar
     [loader.1] file:/System/Library/Java/Extensions/j3daudio.jar
     [loader.1] file:/System/Library/Java/Extensions/j3dutils.jar
     [loader.1] file:/System/Library/Java/Extensions/jai_codec.jar
     [classpath + loader.0] file:/Users/apoorvkulshrestha/Projects/SavariWala/Server/ext/jars/guava-16.0.1.jar
     [classpath + loader.0] file:/Users/apoorvkulshrestha/Projects/SavariWala/Server/ext/jars/neo4j-graph-matching-2.0.1.jar
     [classpath + loader.0] file:/Users/apoorvkulshrestha/Projects/SavariWala/Server/ext/jars/javatuples-1.2.jar
     [loader.1] file:/System/Library/Java/Extensions/libmlib_jai.jnilib
     [classpath + loader.0] file:/Users/apoorvkulshrestha/Projects/SavariWala/Server/ext/jars/neo4j-jmx-2.0.1.jar
     [classpath + loader.0] file:/Users/apoorvkulshrestha/Projects/SavariWala/Server/ext/jars/neo4j-udc-2.0.1.jar
     [classpath + loader.0] file:/Users/apoorvkulshrestha/Projects/SavariWala/Server/ext/jars/gt-shapefile-9.2.jar
     [classpath + loader.0] file:/Users/apoorvkulshrestha/Projects/SavariWala/Server/ext/jars/gt-render-9.2.jar
     [loader.1] file:/System/Library/Java/Extensions/libJ3DAudio.jnilib
     [classpath + loader.0] file:/Users/apoorvkulshrestha/Projects/SavariWala/Server/ext/jars/neo4j-spatial-0.12-neo4j-2.0.1.jar
     [loader.1] file:/System/Library/Java/Extensions/jai_core.jar
     [loader.1] file:/System/Library/Java/Extensions/libQTJNative.jnilib
     [bootstrap] /Library/Java/JavaVirtualMachines/jdk1.8.0.jdk/Contents/Home/jre/lib/charsets.jar
     [bootstrap] /Library/Java/JavaVirtualMachines/jdk1.8.0.jdk/Contents/Home/jre/lib/jsse.jar
     [classpath + loader.0] file:/Users/apoorvkulshrestha/Projects/SavariWala/Server/ext/jars/httpcore-4.3.2.jar
     [bootstrap] /Library/Java/JavaVirtualMachines/jdk1.8.0.jdk/Contents/Home/jre/lib/jce.jar
     [classpath + loader.0] file:/Users/apoorvkulshrestha/Projects/SavariWala/Server/ext/jars/imageio-ext-utilities-1.1.7.jar
     [loader.1] file:/Library/Java/JavaVirtualMachines/jdk1.8.0.jdk/Contents/Home/jre/lib/ext/localedata.jar
     [classpath + loader.0] file:/Users/apoorvkulshrestha/Projects/SavariWala/Server/ext/jars/lucene-core-3.6.2.jar
     [loader.1] file:/System/Library/Java/Extensions/vecmath.jar
     [classpath + loader.0] file:/Users/apoorvkulshrestha/Projects/SavariWala/Server/ext/jars/slf4j-log4j12-1.7.6.jar
     [classpath + loader.0] file:/Users/apoorvkulshrestha/Projects/SavariWala/Server/ext/jars/httpclient-4.3.3.jar
     [classpath + loader.0] file:/Users/apoorvkulshrestha/Projects/SavariWala/Server/ext/jars/jdom-1.0.jar
     [loader.1] file:/System/Library/Java/Extensions/libJ3D.jnilib
     [classpath + loader.0] file:/Users/apoorvkulshrestha/Projects/SavariWala/Server/ext/jars/gt-opengis-9.2.jar
     [classpath + loader.0] file:/Users/apoorvkulshrestha/Projects/SavariWala/Server/ext/jars/commons-logging-1.1.3.jar
     [classpath + loader.0] file:/Users/apoorvkulshrestha/Projects/SavariWala/Server/ext/jars/gt-referencing-9.2.jar
     [loader.1] file:/Library/Java/JavaVirtualMachines/jdk1.8.0.jdk/Contents/Home/jre/lib/ext/cldrdata.jar
     [classpath + loader.0] file:/Users/apoorvkulshrestha/Projects/SavariWala/Server/ext/jars/gt-main-9.2.jar
     [loader.1] file:/Library/Java/JavaVirtualMachines/jdk1.8.0.jdk/Contents/Home/jre/lib/ext/sunjce_provider.jar
     [classpath + loader.0] file:/Users/apoorvkulshrestha/Projects/SavariWala/Server/ext/jars/jai_core-1.1.3.jar
     [classpath + loader.0] file:/Users/apoorvkulshrestha/Projects/SavariWala/Server/ext/jars/genson-0.97.jar
     [classpath + loader.0] file:/Users/apoorvkulshrestha/Projects/SavariWala/Server/ext/jars/neo4j-cypher-compiler-2.0-2.0.1.jar
     [classpath + loader.0] file:/Users/apoorvkulshrestha/Projects/SavariWala/Server/ext/jars/gt-coverage-9.2.jar
     [loader.1] file:/Library/Java/JavaVirtualMachines/jdk1.8.0.jdk/Contents/Home/jre/lib/ext/dnsns.jar
     [classpath + loader.0] file:/Users/apoorvkulshrestha/Projects/SavariWala/Server/ext/jars/commons-codec-1.6.jar
     [classpath + loader.0] file:/Users/apoorvkulshrestha/Projects/SavariWala/Server/ext/jars/neo4j-shell-2.0.1.jar
     [loader.1] file:/System/Library/Java/Extensions/libAppleScriptEngine.jnilib
     [classpath + loader.0] file:/Users/apoorvkulshrestha/Projects/SavariWala/Server/ext/jars/imageio-ext-tiff-1.1.7.jar
     [loader.1] file:/System/Library/Java/Extensions/dns_sd.jar
     [loader.1] file:/System/Library/Java/Extensions/MRJToolkit.jar
     [classpath + loader.0] file:/Users/apoorvkulshrestha/Projects/SavariWala/Server/ext/jars/server-api-2.0.1.jar
     [classpath + loader.0] file:/Users/apoorvkulshrestha/Projects/SavariWala/Server/ext/jars/fluent-hc-4.3.3.jar
     [classpath + loader.0] file:/Users/apoorvkulshrestha/Projects/SavariWala/Server/ext/jars/jgridshift-1.0.jar
     [classpath + loader.0] file:/Users/apoorvkulshrestha/Projects/SavariWala/Server/ext/jars/libthrift-0.9.1-javadoc.jar
     [loader.1] file:/System/Library/Java/Extensions/mlibwrapper_jai.jar
     [classpath + loader.0] file:/Users/apoorvkulshrestha/Projects/SavariWala/Server/ext/jars/log4j-1.2.17.jar
     [classpath + loader.0] file:/Users/apoorvkulshrestha/Projects/SavariWala/Server/ext/jars/scala-library-2.10.3.jar
     [loader.1] file:/System/Library/Java/Extensions/libJ3DUtils.jnilib
     [classpath + loader.0] file:/Users/apoorvkulshrestha/Projects/SavariWala/Server/ext/jars/neo4j-cypher-commons-2.0.1.jar
     [loader.1] file:/System/Library/Java/Extensions/AppleScriptEngine.jar
     [loader.1] file:/Library/Java/JavaVirtualMachines/jdk1.8.0.jdk/Contents/Home/jre/lib/ext/zipfs.jar
     [classpath + loader.0] file:/Users/apoorvkulshrestha/Projects/SavariWala/Server/ext/jars/jt-zonalstats-1.3.0.jar
     [bootstrap] /Library/Java/JavaVirtualMachines/jdk1.8.0.jdk/Contents/Home/jre/lib/resources.jar
     [classpath + loader.0] file:/Users/apoorvkulshrestha/Projects/SavariWala/Server/ext/jars/quick-json-1.0.2.3.jar
     [classpath + loader.0] file:/Users/apoorvkulshrestha/Projects/SavariWala/Server/ext/jars/postgresql-9.3-1100.jdbc4.jar
     [classpath + loader.0] file:/Users/apoorvkulshrestha/Projects/SavariWala/Server/ext/jars/neo4j-cypher-compiler-1.9-2.0.1.jar
     [classpath + loader.0] file:/Users/apoorvkulshrestha/Projects/SavariWala/Server/ext/jars/json-simple-1.1.jar
     [classpath + loader.0] file:/Users/apoorvkulshrestha/Projects/SavariWala/Server/ext/jars/libthrift-0.9.1.jar
     [classpath + loader.0] file:/Users/apoorvkulshrestha/Projects/SavariWala/Server/ext/jars/parboiled-scala_2.10-1.1.6.jar
     [classpath + loader.0] file:/Users/apoorvkulshrestha/Projects/SavariWala/Server/ext/jars/gt-process-9.2.jar
     [loader.1] file:/usr/lib/java/libjdns_sd.jnilib
     [classpath + loader.0] file:/Users/apoorvkulshrestha/Projects/SavariWala/Server/ext/jars/commons-lang-2.5.jar
     [bootstrap] /Library/Java/JavaVirtualMachines/jdk1.8.0.jdk/Contents/Home/jre/lib/sunrsasign.jar
     [loader.1] file:/Library/Java/JavaVirtualMachines/jdk1.8.0.jdk/Contents/Home/jre/lib/ext/jfxrt.jar
     [classpath + loader.0] file:/Users/apoorvkulshrestha/Projects/SavariWala/Server/ext/jars/jts-1.13.jar
     [loader.1] file:/Library/Java/JavaVirtualMachines/jdk1.8.0.jdk/Contents/Home/jre/lib/ext/nashorn.jar
     [loader.1] file:/System/Library/Java/Extensions/j3dcore.jar
     [classpath + loader.0] file:/Users/apoorvkulshrestha/Projects/SavariWala/Server/ext/jars/jsr-275-1.0-beta-2.jar
2014-03-19 12:10:35.259+0000 INFO  [org.neo4j]: Library path:
    /Users/apoorvkulshrestha/Library/Java/Extensions
    /Library/Java/Extensions
    /Network/Library/Java/Extensions
    /System/Library/Java/Extensions
    /usr/lib/java
    /Users/apoorvkulshrestha/Projects/SavariWala/Server
2014-03-19 12:10:35.264+0000 INFO  [org.neo4j]: System.properties:
    sun.boot.library.path = /Library/Java/JavaVirtualMachines/jdk1.8.0.jdk/Contents/Home/jre/lib
    user.country.format = SG
    gopherProxySet = false
    path.separator = :
    file.encoding.pkg = sun.io
    user.country = US
    sun.java.launcher = SUN_STANDARD
    sun.os.patch.level = unknown
    user.dir = /Users/apoorvkulshrestha/Projects/SavariWala/Server
    sun.jnu.encoding = UTF-8
    sun.management.compiler = HotSpot 64-Bit Tiered Compilers
    http.nonProxyHosts = local|*.local|169.254/16|*.169.254/16
    user.home = /Users/apoorvkulshrestha
    user.timezone = Asia/Singapore
    file.encoding = UTF-8
    user.name = apoorvkul
    sun.java.command = com.savariwala.RequestHandlerSvc
    sun.arch.data.model = 64
    user.language = en
    awt.toolkit = sun.lwawt.macosx.LWCToolkit
    file.separator = /
    sun.io.unicode.encoding = UnicodeBig
    sun.cpu.endian = little
    socksNonProxyHosts = local|*.local|169.254/16|*.169.254/16
    ftp.nonProxyHosts = local|*.local|169.254/16|*.169.254/16
    sun.cpu.isalist = 
2014-03-19 12:10:35.265+0000 INFO  [org.neo4j]: Network information:
    Interface en0:
        address: fe80:0:0:0:462a:60ff:fefc:67c%en0
        address: 192.168.0.12
    Interface lo0:
        address: fe80:0:0:0:0:0:0:1%lo0
        address: 0:0:0:0:0:0:0:1
        address: 127.0.0.1
2014-03-19 12:10:35.270+0000 INFO  [org.neo4j]: --- INITIALIZED diagnostics END ---
2014-03-19 12:10:35.527+0000 INFO  [org.neo4j]: neo4j_db/neostore.relationshiptypestore.db.names non clean shutdown detected
2014-03-19 12:10:35.536+0000 INFO  [org.neo4j]: [neo4j_db/neostore.relationshiptypestore.db.names] brickCount=0 brickSize=0b mappedMem=0b (storeSize=266b)
2014-03-19 12:10:35.540+0000 INFO  [org.neo4j]: neo4j_db/neostore.relationshiptypestore.db non clean shutdown detected
2014-03-19 12:10:35.540+0000 INFO  [org.neo4j]: [neo4j_db/neostore.relationshiptypestore.db] brickCount=0 brickSize=0b mappedMem=0b (storeSize=30b)
2014-03-19 12:10:35.540+0000 INFO  [org.neo4j]: neo4j_db/neostore.labeltokenstore.db.names non clean shutdown detected
2014-03-19 12:10:35.541+0000 INFO  [org.neo4j]: [neo4j_db/neostore.labeltokenstore.db.names] brickCount=0 brickSize=0b mappedMem=0b (storeSize=152b)
2014-03-19 12:10:35.542+0000 INFO  [org.neo4j]: neo4j_db/neostore.labeltokenstore.db non clean shutdown detected
2014-03-19 12:10:35.542+0000 INFO  [org.neo4j]: [neo4j_db/neostore.labeltokenstore.db] brickCount=0 brickSize=0b mappedMem=0b (storeSize=15b)
2014-03-19 12:10:35.543+0000 INFO  [org.neo4j]: neo4j_db/neostore.propertystore.db.strings non clean shutdown detected
2014-03-19 12:10:35.543+0000 INFO  [org.neo4j]: [neo4j_db/neostore.propertystore.db.strings] brickCount=1 brickSize=295680b mappedMem=295698432b (storeSize=295680b)
2014-03-19 12:10:35.544+0000 INFO  [org.neo4j]: neo4j_db/neostore.propertystore.db.index.keys non clean shutdown detected
2014-03-19 12:10:35.544+0000 INFO  [org.neo4j]: [neo4j_db/neostore.propertystore.db.index.keys] brickCount=0 brickSize=0b mappedMem=0b (storeSize=798b)
2014-03-19 12:10:35.548+0000 INFO  [org.neo4j]: neo4j_db/neostore.propertystore.db.index non clean shutdown detected
2014-03-19 12:10:35.548+0000 INFO  [org.neo4j]: [neo4j_db/neostore.propertystore.db.index] brickCount=0 brickSize=0b mappedMem=0b (storeSize=180b)
2014-03-19 12:10:35.551+0000 INFO  [org.neo4j]: neo4j_db/neostore.propertystore.db.arrays non clean shutdown detected
2014-03-19 12:10:35.551+0000 INFO  [org.neo4j]: [neo4j_db/neostore.propertystore.db.arrays] brickCount=1 brickSize=334464b mappedMem=334495744b (storeSize=334464b)
2014-03-19 12:10:35.562+0000 INFO  [org.neo4j]: neo4j_db/neostore.propertystore.db non clean shutdown detected
2014-03-19 12:10:35.563+0000 INFO  [org.neo4j]: [neo4j_db/neostore.propertystore.db] brickCount=10 brickSize=347065b mappedMem=347078656b (storeSize=3470773b)
2014-03-19 12:10:35.567+0000 INFO  [org.neo4j]: neo4j_db/neostore.relationshipstore.db non clean shutdown detected
2014-03-19 12:10:35.567+0000 INFO  [org.neo4j]: [neo4j_db/neostore.relationshipstore.db] brickCount=10 brickSize=425700b mappedMem=425721856b (storeSize=4257198b)
2014-03-19 12:10:35.567+0000 INFO  [org.neo4j]: neo4j_db/neostore.nodestore.db.labels non clean shutdown detected
2014-03-19 12:10:35.568+0000 INFO  [org.neo4j]: [neo4j_db/neostore.nodestore.db.labels] brickCount=0 brickSize=0b mappedMem=0b (storeSize=68b)
2014-03-19 12:10:35.571+0000 INFO  [org.neo4j]: neo4j_db/neostore.nodestore.db non clean shutdown detected
2014-03-19 12:10:35.571+0000 INFO  [org.neo4j]: [neo4j_db/neostore.nodestore.db] brickCount=10 brickSize=96460b mappedMem=96468992b (storeSize=964684b)
2014-03-19 12:10:35.573+0000 INFO  [org.neo4j]: neo4j_db/neostore.schemastore.db non clean shutdown detected
2014-03-19 12:10:35.573+0000 INFO  [org.neo4j]: [neo4j_db/neostore.schemastore.db] brickCount=0 brickSize=0b mappedMem=0b (storeSize=64b)
2014-03-19 12:10:35.577+0000 INFO  [org.neo4j]: neo4j_db/neostore non clean shutdown detected
2014-03-19 12:10:35.577+0000 INFO  [org.neo4j]: [neo4j_db/neostore] brickCount=0 brickSize=0b mappedMem=0b (storeSize=63b)
2014-03-19 12:10:35.751+0000 INFO  [org.neo4j]: No lucene scan store index found, this might just be first use. Preparing to rebuild.
2014-03-19 12:10:35.888+0000 INFO  [org.neo4j]: Non clean shutdown detected on log [neo4j_db/nioneo_logical.log.1]. Recovery started ...
2014-03-19 12:10:35.895+0000 INFO  [org.neo4j]: [neo4j_db/nioneo_logical.log.1] logVersion=0 with committed tx=1
2014-03-19 12:10:36.193+0000 INFO  [org.neo4j]: [neo4j_db/nioneo_logical.log.1] entries found=276 lastEntryPos=17468
2014-03-19 12:10:36.194+0000 INFO  [org.neo4j]: Opened logical log [neo4j_db/nioneo_logical.log.1] version=0, lastTxId=43 (recovered)
2014-03-19 12:10:36.194+0000 INFO  [org.neo4j]: XaResourceManager[nioneo_logical.log] sorting 1 xids
2014-03-19 12:10:36.196+0000 INFO  [org.neo4j]: XaResourceManager[nioneo_logical.log] checkRecoveryComplete 0 xids
2014-03-19 12:10:36.206+0000 INFO  [org.neo4j]: neo4j_db/neostore.relationshiptypestore.db.names rebuild id generator, highId=7 defragged count=0
2014-03-19 12:10:36.208+0000 INFO  [org.neo4j]: neo4j_db/neostore.labeltokenstore.db.names rebuild id generator, highId=4 defragged count=0
2014-03-19 12:10:36.210+0000 INFO  [org.neo4j]: neo4j_db/neostore.labeltokenstore.db rebuild id generator, highId=3 defragged count=0
2014-03-19 12:10:36.212+0000 INFO  [org.neo4j]: neo4j_db/neostore.propertystore.db.index.keys rebuild id generator, highId=21 defragged count=0
2014-03-19 12:10:36.214+0000 INFO  [org.neo4j]: neo4j_db/neostore.propertystore.db.index rebuild id generator, highId=20 defragged count=0
2014-03-19 12:10:36.262+0000 INFO  [org.neo4j]: neo4j_db/neostore.propertystore.db.strings rebuild id generator, highId=4 defragged count=0
2014-03-19 12:10:36.320+0000 INFO  [org.neo4j]: neo4j_db/neostore.propertystore.db.arrays rebuild id generator, highId=9 defragged count=0
2014-03-19 12:10:37.058+0000 INFO  [org.neo4j]: neo4j_db/neostore.propertystore.db rebuild id generator, highId=35 defragged count=0
2014-03-19 12:10:37.889+0000 INFO  [org.neo4j]: neo4j_db/neostore.relationshipstore.db rebuild id generator, highId=23 defragged count=0
2014-03-19 12:10:37.891+0000 INFO  [org.neo4j]: neo4j_db/neostore.nodestore.db.labels rebuild id generator, highId=1 defragged count=0
2014-03-19 12:10:38.209+0000 INFO  [org.neo4j]: neo4j_db/neostore.nodestore.db rebuild id generator, highId=14 defragged count=0
2014-03-19 12:10:38.210+0000 INFO  [org.neo4j]: neo4j_db/neostore.schemastore.db rebuild id generator, highId=1 defragged count=0
2014-03-19 12:10:38.212+0000 INFO  [org.neo4j]: neo4j_db/neostore rebuild id generator, highId=7 defragged count=0
2014-03-19 12:10:38.213+0000 INFO  [org.neo4j]: XaResourceManager[nioneo_logical.log] recovery completed.
2014-03-19 12:10:38.213+0000 INFO  [org.neo4j]: Recovery on log [neo4j_db/nioneo_logical.log.1] completed.
2014-03-19 12:10:38.243+0000 INFO  [org.neo4j]: Rebuilding lucene scan store, this may take a while
2014-03-19 12:10:38.735+0000 INFO  [org.neo4j]: Lucene scan store rebuilt (roughly 68905 nodes)
2014-03-19 12:10:38.741+0000 INFO  [org.neo4j]: TM opening log: neo4j_db/tm_tx_log.1
2014-03-19 12:10:38.771+0000 INFO  [org.neo4j]: Non clean shutdown detected on log [neo4j_db/index/lucene.log.1]. Recovery started ...
2014-03-19 12:10:38.772+0000 INFO  [org.neo4j]: [neo4j_db/index/lucene.log.1] logVersion=0 with committed tx=1
2014-03-19 12:10:38.772+0000 INFO  [org.neo4j]: [neo4j_db/index/lucene.log.1] entries found=0 lastEntryPos=16
2014-03-19 12:10:38.772+0000 INFO  [org.neo4j]: Opened logical log [neo4j_db/index/lucene.log.1] version=0, lastTxId=-1 (recovered)
2014-03-19 12:10:38.772+0000 INFO  [org.neo4j]: XaResourceManager[lucene.log] sorting 0 xids
2014-03-19 12:10:38.772+0000 INFO  [org.neo4j]: XaResourceManager[lucene.log] checkRecoveryComplete 0 xids
2014-03-19 12:10:38.772+0000 INFO  [org.neo4j]: XaResourceManager[lucene.log] recovery completed.
2014-03-19 12:10:38.772+0000 INFO  [org.neo4j]: Recovery on log [neo4j_db/index/lucene.log.1] completed.
2014-03-19 12:10:38.795+0000 INFO  [org.neo4j]: --- STARTED diagnostics for KernelDiagnostics:Versions START ---
2014-03-19 12:10:38.796+0000 INFO  [org.neo4j]: Graph Database: org.neo4j.kernel.EmbeddedGraphDatabase StoreId[time:1395230678176, id:-6033298326432025730, store version: 13843131341501958]
2014-03-19 12:10:38.796+0000 INFO  [org.neo4j]: Kernel version: Neo4j - Graph Database Kernel (neo4j-kernel), version: 2.0.1
2014-03-19 12:10:38.796+0000 INFO  [org.neo4j]: Neo4j component versions:
2014-03-19 12:10:38.802+0000 INFO  [org.neo4j]:   Neo4j - Cypher Compiler 1.9 (neo4j-cypher-compiler-1.9), version: 2.0.1; revision: 2.0.1:master:878/8bb63c9c059d8a491b7909e08da86a820c28d3a5
2014-03-19 12:10:38.802+0000 INFO  [org.neo4j]:   Neo4j - Cypher Commons (neo4j-cypher-commons), version: 2.0.1; revision: 2.0.1:master:878/8bb63c9c059d8a491b7909e08da86a820c28d3a5
2014-03-19 12:10:38.802+0000 INFO  [org.neo4j]:   neo4j-udc, version: 2.0.1; revision: 2.0.1:master:878/8bb63c9c059d8a491b7909e08da86a820c28d3a5
2014-03-19 12:10:38.802+0000 INFO  [org.neo4j]:   Neo4j Server API (server-api), version: 2.0.1; revision: 2.0.1:master:878/8bb63c9c059d8a491b7909e08da86a820c28d3a5
2014-03-19 12:10:38.802+0000 INFO  [org.neo4j]:   Neo4j - Lucene Index (neo4j-lucene-index), version: 2.0.1; revision: 2.0.1:master:878/8bb63c9c059d8a491b7909e08da86a820c28d3a5
2014-03-19 12:10:38.802+0000 INFO  [org.neo4j]:   Neo4j - Cypher Compiler 2.0 (neo4j-cypher-compiler-2.0), version: 2.0.1; revision: 2.0.1:master:878/8bb63c9c059d8a491b7909e08da86a820c28d3a5
2014-03-19 12:10:38.802+0000 INFO  [org.neo4j]:   Neo4j - Graph Matching (neo4j-graph-matching), version: 2.0.1; revision: 2.0.1:master:878/8bb63c9c059d8a491b7909e08da86a820c28d3a5
2014-03-19 12:10:38.802+0000 INFO  [org.neo4j]:   Neo4j - Graph Database Kernel (neo4j-kernel), version: 2.0.1; revision: 2.0.1:master:878/8bb63c9c059d8a491b7909e08da86a820c28d3a5
2014-03-19 12:10:38.802+0000 INFO  [org.neo4j]:   Neo4j - JMX support (neo4j-jmx), version: 2.0.1; revision: 2.0.1:master:878/8bb63c9c059d8a491b7909e08da86a820c28d3a5
2014-03-19 12:10:38.802+0000 INFO  [org.neo4j]:   Neo4j - Cypher (neo4j-cypher), version: 2.0.1; revision: 2.0.1:master:878/8bb63c9c059d8a491b7909e08da86a820c28d3a5
2014-03-19 12:10:38.802+0000 INFO  [org.neo4j]:   Neo4j - Generic shell (neo4j-shell), version: 2.0.1; revision: 2.0.1:master:878/8bb63c9c059d8a491b7909e08da86a820c28d3a5
2014-03-19 12:10:38.803+0000 INFO  [org.neo4j]:   Neo4j - Graph Algorithms (neo4j-graph-algo), version: 2.0.1; revision: 2.0.1:master:878/8bb63c9c059d8a491b7909e08da86a820c28d3a5
2014-03-19 12:10:38.803+0000 INFO  [org.neo4j]: --- STARTED diagnostics for KernelDiagnostics:Versions END ---
2014-03-19 12:10:38.807+0000 INFO  [org.neo4j]: --- STARTED diagnostics for NEO_STORE_VERSIONS START ---
2014-03-19 12:10:38.808+0000 INFO  [org.neo4j]: Store versions:
    Store versions:
      NeoStore v0.A.1
      SchemaStore v0.A.1
      NodeStore v0.A.1
      RelationshipStore v0.A.1
      RelationshipTypeStore v0.A.1
      LabelTokenStore v0.A.1
      PropertyStore v0.A.1
      PropertyIndexStore v0.A.1
      StringPropertyStore v0.A.1
      ArrayPropertyStore v0.A.1
2014-03-19 12:10:38.808+0000 INFO  [org.neo4j]: --- STARTED diagnostics for NEO_STORE_VERSIONS END ---
2014-03-19 12:10:38.808+0000 INFO  [org.neo4j]: --- STARTED diagnostics for NEO_STORE_ID_USAGE START ---
2014-03-19 12:10:38.808+0000 INFO  [org.neo4j]: Id usage:
    Id usage:
      SchemaStore: used=1 high=0
      NodeStore: used=68906 high=68905
      RelationshipStore: used=129006 high=129005
      RelationshipTypeStore: used=6 high=5
      LabelTokenStore: used=3 high=2
      PropertyStore: used=84653 high=84652
      PropertyIndexStore: used=20 high=19
      StringPropertyStore: used=2310 high=2309
      ArrayPropertyStore: used=2613 high=2612
2014-03-19 12:10:38.810+0000 INFO  [org.neo4j]: --- STARTED diagnostics for NEO_STORE_ID_USAGE END ---
2014-03-19 12:10:38.810+0000 INFO  [org.neo4j]: --- STARTED diagnostics for PERSISTENCE_WINDOW_POOL_STATS START ---
2014-03-19 12:10:38.810+0000 INFO  [org.neo4j]: --- STARTED diagnostics for PERSISTENCE_WINDOW_POOL_STATS END ---
2014-03-19 12:10:38.811+0000 INFO  [org.neo4j]: --- STARTED diagnostics for KernelDiagnostics:StoreFiles START ---
2014-03-19 12:10:38.811+0000 INFO  [org.neo4j]: Disk space on partition (Total / Free / Free %): 250140434432 / 47072841728 / 18
Storage files: (filename : modification date - size)
      active_tx_log: 2014-03-19T20:04:38+0800 - 11.00 B
      index:
        lucene-store.db: 2014-03-19T20:10:38+0800 - 40.00 B
        lucene.log.1: 2014-03-19T20:04:38+0800 - 16.00 B
        lucene.log.active: 2014-03-19T20:04:38+0800 - 4.00 B
      - Total: 2014-03-19T20:04:38+0800 - 60.00 B
      lock: 2014-03-19T20:04:38+0800 - 0.00 B
      messages.log: 2014-03-19T20:10:38+0800 - 56.24 kB
      neostore: 2014-03-19T20:10:38+0800 - 63.00 B
      neostore.id: 2014-03-19T20:10:38+0800 - 9.00 B
      neostore.labeltokenstore.db: 2014-03-19T20:10:36+0800 - 15.00 B
      neostore.labeltokenstore.db.id: 2014-03-19T20:10:36+0800 - 9.00 B
      neostore.labeltokenstore.db.names: 2014-03-19T20:10:36+0800 - 152.00 B
      neostore.labeltokenstore.db.names.id: 2014-03-19T20:10:36+0800 - 9.00 B
      neostore.nodestore.db: 2014-03-19T20:10:38+0800 - 1.01 MB
      neostore.nodestore.db.id: 2014-03-19T20:10:38+0800 - 9.00 B
      neostore.nodestore.db.labels: 2014-03-19T20:04:38+0800 - 68.00 B
      neostore.nodestore.db.labels.id: 2014-03-19T20:10:37+0800 - 9.00 B
      neostore.propertystore.db: 2014-03-19T20:10:36+0800 - 3.31 MB
      neostore.propertystore.db.arrays: 2014-03-19T20:10:36+0800 - 326.63 kB
      neostore.propertystore.db.arrays.id: 2014-03-19T20:10:36+0800 - 9.00 B
      neostore.propertystore.db.id: 2014-03-19T20:10:37+0800 - 9.00 B
      neostore.propertystore.db.index: 2014-03-19T20:10:36+0800 - 180.00 B
      neostore.propertystore.db.index.id: 2014-03-19T20:10:36+0800 - 9.00 B
      neostore.propertystore.db.index.keys: 2014-03-19T20:10:36+0800 - 798.00 B
      neostore.propertystore.db.index.keys.id: 2014-03-19T20:10:36+0800 - 9.00 B
      neostore.propertystore.db.strings: 2014-03-19T20:10:36+0800 - 288.75 kB
      neostore.propertystore.db.strings.id: 2014-03-19T20:10:36+0800 - 9.00 B
      neostore.relationshipstore.db: 2014-03-19T20:10:36+0800 - 4.06 MB
      neostore.relationshipstore.db.id: 2014-03-19T20:10:37+0800 - 9.00 B
      neostore.relationshiptypestore.db: 2014-03-19T20:10:36+0800 - 30.00 B
      neostore.relationshiptypestore.db.id: 2014-03-19T20:10:36+0800 - 9.00 B
      neostore.relationshiptypestore.db.names: 2014-03-19T20:10:36+0800 - 266.00 B
      neostore.relationshiptypestore.db.names.id: 2014-03-19T20:10:36+0800 - 9.00 B
      neostore.schemastore.db: 2014-03-19T20:04:38+0800 - 64.00 B
      neostore.schemastore.db.id: 2014-03-19T20:10:38+0800 - 9.00 B
      nioneo_logical.log.1: 2014-03-19T20:10:38+0800 - 17.06 kB
      nioneo_logical.log.active: 2014-03-19T20:04:38+0800 - 4.00 B
      schema:
        label:
          lucene:
            _4.fdt: 2014-03-19T20:10:36+0800 - 27.00 B
            _4.fdx: 2014-03-19T20:10:36+0800 - 12.00 B
            _4.fnm: 2014-03-19T20:10:36+0800 - 29.00 B
            _4.frq: 2014-03-19T20:10:36+0800 - 4.00 B
            _4.nrm: 2014-03-19T20:10:36+0800 - 4.00 B
            _4.tii: 2014-03-19T20:10:36+0800 - 35.00 B
            _4.tis: 2014-03-19T20:10:36+0800 - 52.00 B
            _5.fdt: 2014-03-19T20:10:38+0800 - 27.00 B
            _5.fdx: 2014-03-19T20:10:38+0800 - 12.00 B
            _5.fnm: 2014-03-19T20:10:38+0800 - 29.00 B
            _5.frq: 2014-03-19T20:10:38+0800 - 4.00 B
            _5.nrm: 2014-03-19T20:10:38+0800 - 4.00 B
            _5.tii: 2014-03-19T20:10:38+0800 - 35.00 B
            _5.tis: 2014-03-19T20:10:38+0800 - 52.00 B
            segments.gen: 2014-03-19T20:10:36+0800 - 20.00 B
            segments_1: 2014-03-19T20:10:36+0800 - 240.00 B
            write.lock: 2014-03-19T20:10:35+0800 - 0.00 B
          - Total: 2014-03-19T20:10:38+0800 - 586.00 B
        - Total: 2014-03-19T20:10:35+0800 - 586.00 B
      - Total: 2014-03-19T20:04:38+0800 - 586.00 B
      store_lock: 2014-03-19T20:04:38+0800 - 0.00 B
      tm_tx_log.1: 2014-03-19T20:04:38+0800 - 0.00 B
